	Warning: warning, (EE) error, (NI) not implemented, (??) unknown.
[    54.467] Warning: The directory "/usr/share/fonts/X11/cyrillic" does not exist.
[    54.467] Warning: The directory "/usr/share/fonts/X11/100dpi/" does not exist.
[    54.467] Warning: The directory "/usr/share/fonts/X11/75dpi/" does not exist.
[    54.467] Warning: The directory "/usr/share/fonts/X11/100dpi" does not exist.
[    54.467] Warning: The directory "/usr/share/fonts/X11/75dpi" does not exist.
[    54.482] Warning: Falling back to old probe method for fbdev
[    54.483] Warning: Falling back to old probe method for vesa
[    54.483] Warning: VGA arbiter: cannot open kernel arbiter, no multi-card support
	(++) from command line, (!!) notice, Information: informational,
[    54.467] Information: The server relies on udev to provide the list of input devices.
[    54.467] Information: Loader magic: 0x563af3d18020
[    54.467] Information: Module ABI versions:
[    54.473] Information: systemd-logind: took control of session /org/freedesktop/login1/session/_32
[    54.474] Information: xfree86: Adding drm device (/dev/dri/card0)
[    54.475] Information: systemd-logind: got fd for /dev/dri/card0 226:0 fd 12 paused 0
[    54.475] Information: xfree86: Adding drm device (/dev/dri/card1)
[    54.477] Information: systemd-logind: got fd for /dev/dri/card1 226:1 fd 13 paused 0
[    54.480] Information: LoadModule: "glx"
[    54.480] Information: Loading /usr/lib/xorg/modules/extensions/libglx.so
[    54.481] Information: Module glx: vendor="X.Org Foundation"
[    54.481] Information: LoadModule: "nouveau"
[    54.481] Information: Loading /usr/lib/xorg/modules/drivers/nouveau_drv.so
[    54.481] Information: Module nouveau: vendor="X.Org Foundation"
[    54.481] Information: LoadModule: "modesetting"
[    54.482] Information: Loading /usr/lib/xorg/modules/drivers/modesetting_drv.so
[    54.482] Information: Module modesetting: vendor="X.Org Foundation"
[    54.482] Information: LoadModule: "fbdev"
[    54.482] Information: Loading /usr/lib/xorg/modules/drivers/fbdev_drv.so
[    54.482] Information: Module fbdev: vendor="X.Org Foundation"
[    54.482] Information: LoadModule: "vesa"
[    54.482] Information: Loading /usr/lib/xorg/modules/drivers/vesa_drv.so
[    54.482] Information: Module vesa: vendor="X.Org Foundation"
[    54.482] Information: NOUVEAU driver Date:   Fri Apr 21 14:41:17 2017 -0400
[    54.482] Information: NOUVEAU driver for NVIDIA chipset families :
[    54.482] Information: modesetting: Driver for Modesetting Kernel Drivers: kms
[    54.482] Information: FBDEV: driver for framebuffer: fbdev
[    54.482] Information: VESA: driver for VESA chipsets: vesa
[    54.482] Information: modeset(0): using drv /dev/dri/card0
[    54.482] Information: Loading sub module "fbdevhw"
[    54.482] Information: LoadModule: "fbdevhw"
[    54.483] Information: Loading /usr/lib/xorg/modules/libfbdevhw.so
[    54.483] Information: Module fbdevhw: vendor="X.Org Foundation"
[    54.483] Information: [drm] nouveau interface version: 1.3.1
[    54.483] Information: modeset(0): Creating default Display subsection in Screen section
[    54.483] Information: Loading sub module "glamoregl"
[    54.483] Information: LoadModule: "glamoregl"
[    54.483] Information: Loading /usr/lib/xorg/modules/libglamoregl.so
[    54.486] Information: Module glamoregl: vendor="X.Org Foundation"
[    54.486] Information: glamor: OpenGL accelerated X.org driver based.
[    54.496] Information: glamor: EGL version 1.4:
[    54.499] Information: modeset(0): glamor initialized
[    54.500] Information: modeset(0): Output eDP-1 has no monitor section
[    54.510] Information: modeset(0): Output HDMI-1 has no monitor section
[    54.510] Information: modeset(0): Output DP-1 has no monitor section
[    54.511] Information: modeset(0): EDID for output eDP-1
[    54.511] Information: modeset(0): Manufacturer: CMN  Model: 15c4  Serial#: 0
[    54.511] Information: modeset(0): Year: 2013  Week: 40
[    54.511] Information: modeset(0): EDID Version: 1.4
[    54.511] Information: modeset(0): Digital Display Input
[    54.511] Information: modeset(0): 6 bits per channel
[    54.511] Information: modeset(0): Digital interface is DisplayPort
[    54.511] Information: modeset(0): Max Image Size [cm]: horiz.: 34  vert.: 19
[    54.511] Information: modeset(0): Gamma: 2.20
[    54.511] Information: modeset(0): No DPMS capabilities specified
[    54.511] Information: modeset(0): Supported color encodings: RGB 4:4:4 
[    54.511] Information: modeset(0): First detailed timing is preferred mode
[    54.511] Information: modeset(0): Preferred mode is native pixel format and refresh rate
[    54.511] Information: modeset(0): redX: 0.565 redY: 0.330   greenX: 0.323 greenY: 0.577
[    54.511] Information: modeset(0): blueX: 0.160 blueY: 0.145   whiteX: 0.313 whiteY: 0.329
[    54.511] Information: modeset(0): Manufacturer's mask: 0
[    54.511] Information: modeset(0): Supported detailed timing:
[    54.511] Information: modeset(0): clock: 136.6 MHz   Image Size:  344 x 193 mm
[    54.511] Information: modeset(0): h_active: 1920  h_sync: 1964  h_sync_end 1992 h_blank_end 2070 h_border: 0
[    54.511] Information: modeset(0): v_active: 1080  v_sync: 1082  v_sync_end 1086 v_blanking: 1100 v_border: 0
[    54.511] Information: modeset(0):  N156HGE-EAB
[    54.511] Information: modeset(0):  CMN
[    54.511] Information: modeset(0):  N156HGE-EAB
[    54.511] Information: modeset(0): EDID (in hex):
[    54.511] Information: modeset(0): 	00ffffffffffff000daec41500000000
[    54.511] Information: modeset(0): 	281701049522137802ef059054529329
[    54.511] Information: modeset(0): 	25505400000001010101010101010101
[    54.511] Information: modeset(0): 	0101010101015e358096703814402c1c
[    54.511] Information: modeset(0): 	240058c110000018000000fe004e3135
[    54.511] Information: modeset(0): 	364847452d4541420a20000000fe0043
[    54.511] Information: modeset(0): 	4d4e0a202020202020202020000000fe
[    54.511] Information: modeset(0): 	004e3135364847452d4541420a20001d
[    54.512] Information: modeset(0): Printing probed modes for output eDP-1
[    54.512] Information: modeset(0): Modeline "1920x1080"x60.0  136.62  1920 1964 1992 2070  1080 1082 1086 1100 -hsync -vsync (66.0 kHz eP)
[    54.512] Information: modeset(0): Modeline "1920x1080"x119.9  266.50  1920 1944 1960 2000  1080 1081 1084 1111 doublescan +hsync -vsync (133.2 kHz d)
[    54.512] Information: modeset(0): Modeline "1920x1080"x60.0  173.00  1920 2048 2248 2576  1080 1083 1088 1120 -hsync +vsync (67.2 kHz d)
[    54.512] Information: modeset(0): Modeline "1920x1080"x59.9  138.50  1920 1968 2000 2080  1080 1083 1088 1111 +hsync -vsync (66.6 kHz d)
[    54.512] Information: modeset(0): Modeline "1680x1050"x60.0  146.25  1680 1784 1960 2240  1050 1053 1059 1089 -hsync +vsync (65.3 kHz d)
[    54.512] Information: modeset(0): Modeline "1680x1050"x59.9  119.00  1680 1728 1760 1840  1050 1053 1059 1080 +hsync -vsync (64.7 kHz d)
[    54.512] Information: modeset(0): Modeline "1600x1024"x60.2  103.12  1600 1600 1656 1664  1024 1024 1029 1030 +hsync +vsync (62.0 kHz d)
[    54.512] Information: modeset(0): Modeline "1400x1050"x60.0  122.00  1400 1488 1640 1880  1050 1052 1064 1082 +hsync +vsync (64.9 kHz d)
[    54.512] Information: modeset(0): Modeline "1600x900"x120.0  246.00  1600 1728 1900 2200  900 901 904 932 doublescan -hsync +vsync (111.8 kHz d)
[    54.512] Information: modeset(0): Modeline "1600x900"x119.9  186.50  1600 1624 1640 1680  900 901 904 926 doublescan +hsync -vsync (111.0 kHz d)
[    54.512] Information: modeset(0): Modeline "1600x900"x59.9  118.25  1600 1696 1856 2112  900 903 908 934 -hsync +vsync (56.0 kHz d)
[    54.512] Information: modeset(0): Modeline "1600x900"x59.8   97.50  1600 1648 1680 1760  900 903 908 926 +hsync -vsync (55.4 kHz d)
[    54.512] Information: modeset(0): Modeline "1280x1024"x60.0  108.00  1280 1328 1440 1688  1024 1025 1028 1066 +hsync +vsync (64.0 kHz d)
[    54.512] Information: modeset(0): Modeline "1440x900"x59.9  106.50  1440 1520 1672 1904  900 903 909 934 -hsync +vsync (55.9 kHz d)
[    54.512] Information: modeset(0): Modeline "1400x900"x60.0  103.50  1400 1480 1624 1848  900 903 913 934 -hsync +vsync (56.0 kHz d)
[    54.512] Information: modeset(0): Modeline "1400x900"x59.9   86.50  1400 1448 1480 1560  900 903 913 926 +hsync -vsync (55.4 kHz d)
[    54.512] Information: modeset(0): Modeline "1280x960"x60.0  108.00  1280 1376 1488 1800  960 961 964 1000 +hsync +vsync (60.0 kHz d)
[    54.512] Information: modeset(0): Modeline "1440x810"x120.0  198.12  1440 1548 1704 1968  810 811 814 839 doublescan -hsync +vsync (100.7 kHz d)
[    54.512] Information: modeset(0): Modeline "1440x810"x119.9  151.88  1440 1464 1480 1520  810 811 814 833 doublescan +hsync -vsync (99.9 kHz d)
[    54.512] Information: modeset(0): Modeline "1368x768"x59.9   85.25  1368 1440 1576 1784  768 771 781 798 -hsync +vsync (47.8 kHz d)
[    54.512] Information: modeset(0): Modeline "1368x768"x59.9   72.25  1368 1416 1448 1528  768 771 781 790 +hsync -vsync (47.3 kHz d)
[    54.512] Information: modeset(0): Modeline "1360x768"x59.8   84.75  1360 1432 1568 1776  768 771 781 798 -hsync +vsync (47.7 kHz d)
[    54.512] Information: modeset(0): Modeline "1360x768"x60.0   72.00  1360 1408 1440 1520  768 771 781 790 +hsync -vsync (47.4 kHz d)
[    54.512] Information: modeset(0): Modeline "1280x800"x120.0  174.25  1280 1380 1516 1752  800 801 804 829 doublescan -hsync +vsync (99.5 kHz d)
[    54.512] Information: modeset(0): Modeline "1280x800"x119.9  134.25  1280 1304 1320 1360  800 801 804 823 doublescan +hsync -vsync (98.7 kHz d)
[    54.512] Information: modeset(0): Modeline "1280x800"x59.8   83.50  1280 1352 1480 1680  800 803 809 831 -hsync +vsync (49.7 kHz d)
[    54.512] Information: modeset(0): Modeline "1280x800"x59.9   71.00  1280 1328 1360 1440  800 803 809 823 +hsync -vsync (49.3 kHz d)
[    54.512] Information: modeset(0): Modeline "1152x864"x60.0   81.62  1152 1216 1336 1520  864 865 868 895 -hsync +vsync (53.7 kHz d)
[    54.512] Information: modeset(0): Modeline "1280x720"x120.0  156.12  1280 1376 1512 1744  720 721 724 746 doublescan -hsync +vsync (89.5 kHz d)
[    54.512] Information: modeset(0): Modeline "1280x720"x120.0  120.75  1280 1304 1320 1360  720 721 724 740 doublescan +hsync -vsync (88.8 kHz d)
[    54.512] Information: modeset(0): Modeline "1280x720"x59.9   74.50  1280 1344 1472 1664  720 723 728 748 -hsync +vsync (44.8 kHz d)
[    54.512] Information: modeset(0): Modeline "1280x720"x59.7   63.75  1280 1328 1360 1440  720 723 728 741 +hsync -vsync (44.3 kHz d)
[    54.512] Information: modeset(0): Modeline "1024x768"x120.1  133.47  1024 1100 1212 1400  768 768 770 794 doublescan -hsync +vsync (95.3 kHz d)
[    54.512] Information: modeset(0): Modeline "1024x768"x60.0   65.00  1024 1048 1184 1344  768 771 777 806 -hsync -vsync (48.4 kHz d)
[    54.512] Information: modeset(0): Modeline "960x720"x120.0  117.00  960 1024 1128 1300  720 720 722 750 doublescan -hsync +vsync (90.0 kHz d)
[    54.512] Information: modeset(0): Modeline "928x696"x120.1  109.15  928 976 1088 1264  696 696 698 719 doublescan -hsync +vsync (86.4 kHz d)
[    54.512] Information: modeset(0): Modeline "896x672"x120.0  102.40  896 960 1060 1224  672 672 674 697 doublescan -hsync +vsync (83.7 kHz d)
[    54.512] Information: modeset(0): Modeline "1024x576"x119.9   98.50  1024 1092 1200 1376  576 577 580 597 doublescan -hsync +vsync (71.6 kHz d)
[    54.512] Information: modeset(0): Modeline "1024x576"x119.9   78.38  1024 1048 1064 1104  576 577 580 592 doublescan +hsync -vsync (71.0 kHz d)
[    54.512] Information: modeset(0): Modeline "1024x576"x59.9   46.50  1024 1064 1160 1296  576 579 584 599 -hsync +vsync (35.9 kHz d)
[    54.512] Information: modeset(0): Modeline "1024x576"x59.8   42.00  1024 1072 1104 1184  576 579 584 593 +hsync -vsync (35.5 kHz d)
[    54.512] Information: modeset(0): Modeline "960x600"x119.9   96.62  960 1028 1128 1296  600 601 604 622 doublescan -hsync +vsync (74.6 kHz d)
[    54.512] Information: modeset(0): Modeline "960x600"x120.0   77.00  960 984 1000 1040  600 601 604 617 doublescan +hsync -vsync (74.0 kHz d)
[    54.512] Information: modeset(0): Modeline "960x540"x119.9   86.50  960 1024 1124 1288  540 541 544 560 doublescan -hsync +vsync (67.2 kHz d)
[    54.512] Information: modeset(0): Modeline "960x540"x120.0   69.25  960 984 1000 1040  540 541 544 555 doublescan +hsync -vsync (66.6 kHz d)
[    54.512] Information: modeset(0): Modeline "960x540"x59.6   40.75  960 992 1088 1216  540 543 548 562 -hsync +vsync (33.5 kHz d)
[    54.512] Information: modeset(0): Modeline "960x540"x59.8   37.25  960 1008 1040 1120  540 543 548 556 +hsync -vsync (33.3 kHz d)
[    54.512] Information: modeset(0): Modeline "800x600"x120.0   81.00  800 832 928 1080  600 600 602 625 doublescan +hsync +vsync (75.0 kHz d)
[    54.512] Information: modeset(0): Modeline "800x600"x60.3   40.00  800 840 968 1056  600 601 605 628 +hsync +vsync (37.9 kHz d)
[    54.512] Information: modeset(0): Modeline "800x600"x56.2   36.00  800 824 896 1024  600 601 603 625 +hsync +vsync (35.2 kHz d)
[    54.512] Information: modeset(0): Modeline "840x525"x120.0   73.12  840 892 980 1120  525 526 529 544 doublescan -hsync +vsync (65.3 kHz d)
[    54.512] Information: modeset(0): Modeline "840x525"x119.8   59.50  840 864 880 920  525 526 529 540 doublescan +hsync -vsync (64.7 kHz d)
[    54.512] Information: modeset(0): Modeline "864x486"x59.9   32.50  864 888 968 1072  486 489 494 506 -hsync +vsync (30.3 kHz d)
[    54.512] Information: modeset(0): Modeline "864x486"x59.6   30.50  864 912 944 1024  486 489 494 500 +hsync -vsync (29.8 kHz d)
[    54.512] Information: modeset(0): Modeline "800x512"x120.3   51.56  800 800 828 832  512 512 514 515 doublescan +hsync +vsync (62.0 kHz d)
[    54.512] Information: modeset(0): Modeline "700x525"x120.0   61.00  700 744 820 940  525 526 532 541 doublescan +hsync +vsync (64.9 kHz d)
[    54.512] Information: modeset(0): Modeline "800x450"x119.9   59.12  800 848 928 1056  450 451 454 467 doublescan -hsync +vsync (56.0 kHz d)
[    54.512] Information: modeset(0): Modeline "800x450"x119.6   48.75  800 824 840 880  450 451 454 463 doublescan +hsync -vsync (55.4 kHz d)
[    54.512] Information: modeset(0): Modeline "640x512"x120.0   54.00  640 664 720 844  512 512 514 533 doublescan +hsync +vsync (64.0 kHz d)
[    54.512] Information: modeset(0): Modeline "720x450"x119.8   53.25  720 760 836 952  450 451 454 467 doublescan -hsync +vsync (55.9 kHz d)
[    54.512] Information: modeset(0): Modeline "700x450"x119.9   51.75  700 740 812 924  450 451 456 467 doublescan -hsync +vsync (56.0 kHz d)
[    54.512] Information: modeset(0): Modeline "700x450"x119.8   43.25  700 724 740 780  450 451 456 463 doublescan +hsync -vsync (55.4 kHz d)
[    54.512] Information: modeset(0): Modeline "640x480"x120.0   54.00  640 688 744 900  480 480 482 500 doublescan +hsync +vsync (60.0 kHz d)
[    54.512] Information: modeset(0): Modeline "640x480"x59.9   25.18  640 656 752 800  480 490 492 525 -hsync -vsync (31.5 kHz d)
[    54.512] Information: modeset(0): Modeline "720x405"x59.5   22.50  720 744 808 896  405 408 413 422 -hsync +vsync (25.1 kHz d)
[    54.513] Information: modeset(0): Modeline "720x405"x59.0   21.75  720 768 800 880  405 408 413 419 +hsync -vsync (24.7 kHz d)
[    54.513] Information: modeset(0): Modeline "684x384"x119.8   42.62  684 720 788 892  384 385 390 399 doublescan -hsync +vsync (47.8 kHz d)
[    54.513] Information: modeset(0): Modeline "684x384"x119.7   36.12  684 708 724 764  384 385 390 395 doublescan +hsync -vsync (47.3 kHz d)
[    54.513] Information: modeset(0): Modeline "680x384"x119.6   42.38  680 716 784 888  384 385 390 399 doublescan -hsync +vsync (47.7 kHz d)
[    54.513] Information: modeset(0): Modeline "680x384"x119.9   36.00  680 704 720 760  384 385 390 395 doublescan +hsync -vsync (47.4 kHz d)
[    54.513] Information: modeset(0): Modeline "640x400"x119.8   41.75  640 676 740 840  400 401 404 415 doublescan -hsync +vsync (49.7 kHz d)
[    54.513] Information: modeset(0): Modeline "640x400"x120.0   35.50  640 664 680 720  400 401 404 411 doublescan +hsync -vsync (49.3 kHz d)
[    54.513] Information: modeset(0): Modeline "576x432"x120.1   40.81  576 608 668 760  432 432 434 447 doublescan -hsync +vsync (53.7 kHz d)
[    54.513] Information: modeset(0): Modeline "640x360"x119.7   37.25  640 672 736 832  360 361 364 374 doublescan -hsync +vsync (44.8 kHz d)
[    54.513] Information: modeset(0): Modeline "640x360"x119.7   31.88  640 664 680 720  360 361 364 370 doublescan +hsync -vsync (44.3 kHz d)
[    54.513] Information: modeset(0): Modeline "640x360"x59.8   18.00  640 664 720 800  360 363 368 376 -hsync +vsync (22.5 kHz d)
[    54.513] Information: modeset(0): Modeline "640x360"x59.3   17.75  640 688 720 800  360 363 368 374 +hsync -vsync (22.2 kHz d)
[    54.513] Information: modeset(0): Modeline "512x384"x120.0   32.50  512 524 592 672  384 385 388 403 doublescan -hsync -vsync (48.4 kHz d)
[    54.513] Information: modeset(0): Modeline "512x288"x120.0   23.25  512 532 580 648  288 289 292 299 doublescan -hsync +vsync (35.9 kHz d)
[    54.513] Information: modeset(0): Modeline "512x288"x119.8   21.00  512 536 552 592  288 289 292 296 doublescan +hsync -vsync (35.5 kHz d)
[    54.513] Information: modeset(0): Modeline "480x270"x119.3   20.38  480 496 544 608  270 271 274 281 doublescan -hsync +vsync (33.5 kHz d)
[    54.513] Information: modeset(0): Modeline "480x270"x119.6   18.62  480 504 520 560  270 271 274 278 doublescan +hsync -vsync (33.3 kHz d)
[    54.513] Information: modeset(0): Modeline "400x300"x120.6   20.00  400 420 484 528  300 300 302 314 doublescan +hsync +vsync (37.9 kHz d)
[    54.513] Information: modeset(0): Modeline "400x300"x112.7   18.00  400 412 448 512  300 300 301 312 doublescan +hsync +vsync (35.2 kHz d)
[    54.513] Information: modeset(0): Modeline "432x243"x119.8   16.25  432 444 484 536  243 244 247 253 doublescan -hsync +vsync (30.3 kHz d)
[    54.513] Information: modeset(0): Modeline "432x243"x119.1   15.25  432 456 472 512  243 244 247 250 doublescan +hsync -vsync (29.8 kHz d)
[    54.513] Information: modeset(0): Modeline "320x240"x120.1   12.59  320 328 376 400  240 245 246 262 doublescan -hsync -vsync (31.5 kHz d)
[    54.513] Information: modeset(0): Modeline "360x202"x119.0   11.25  360 372 404 448  202 204 206 211 doublescan -hsync +vsync (25.1 kHz d)
[    54.513] Information: modeset(0): Modeline "360x202"x118.3   10.88  360 384 400 440  202 204 206 209 doublescan +hsync -vsync (24.7 kHz d)
[    54.513] Information: modeset(0): Modeline "320x180"x119.7    9.00  320 332 360 400  180 181 184 188 doublescan -hsync +vsync (22.5 kHz d)
[    54.513] Information: modeset(0): Modeline "320x180"x118.6    8.88  320 344 360 400  180 181 184 187 doublescan +hsync -vsync (22.2 kHz d)
[    54.524] Information: modeset(0): EDID for output HDMI-1
[    54.524] Information: modeset(0): EDID for output DP-1
[    54.524] Information: modeset(0): Output eDP-1 connected
[    54.524] Information: modeset(0): Output HDMI-1 disconnected
[    54.524] Information: modeset(0): Output DP-1 disconnected
[    54.524] Information: modeset(0): Using exact sizes for initial modes
[    54.524] Information: modeset(0): Output eDP-1 using initial mode 1920x1080 +0+0
[    54.524] Information: Loading sub module "fb"
[    54.524] Information: LoadModule: "fb"
[    54.524] Information: Loading /usr/lib/xorg/modules/libfb.so
[    54.524] Information: Module fb: vendor="X.Org Foundation"
[    54.525] Information: Loading sub module "dri2"
[    54.525] Information: LoadModule: "dri2"
[    54.525] Information: Module "dri2" already built-in
[    54.525] Information: NOUVEAU(G0): Modeline "1920x1080"x60.0  173.00  1920 2048 2248 2576  1080 1083 1088 1120 -hsync +vsync (67.2 kHz)
[    54.525] Information: Loading sub module "fb"
[    54.525] Information: LoadModule: "fb"
[    54.525] Information: Loading /usr/lib/xorg/modules/libfb.so
[    54.525] Information: Module fb: vendor="X.Org Foundation"
[    54.525] Information: Loading sub module "shadowfb"
[    54.525] Information: LoadModule: "shadowfb"
[    54.525] Information: Loading /usr/lib/xorg/modules/libshadowfb.so
[    54.525] Information: Module shadowfb: vendor="X.Org Foundation"
[    54.525] Information: UnloadModule: "fbdev"
[    54.525] Information: Unloading fbdev
[    54.525] Information: UnloadSubModule: "fbdevhw"
[    54.525] Information: Unloading fbdevhw
[    54.525] Information: UnloadModule: "vesa"
[    54.525] Information: Unloading vesa
[    54.576] Information: NOUVEAU(G0): Channel setup complete.
[    54.576] Information: NOUVEAU(G0): [COPY] async initialised.
[    54.577] Information: NOUVEAU(G0): Hardware support for Present enabled
[    54.577] Information: NOUVEAU(G0): [DRI2] Setup complete
[    54.577] Information: NOUVEAU(G0): [DRI2]   DRI driver: nouveau
[    54.577] Information: NOUVEAU(G0): [DRI2]   VDPAU driver: nouveau
[    54.577] Information: Loading sub module "exa"
[    54.577] Information: LoadModule: "exa"
[    54.577] Information: Loading /usr/lib/xorg/modules/libexa.so
[    54.577] Information: Module exa: vendor="X.Org Foundation"
[    54.577] Information: EXA(256): Driver allocated offscreen pixmaps
[    54.577] Information: EXA(256): Driver registered support for the following operations:
[    54.577] Information:         Solid
[    54.577] Information:         Copy
[    54.577] Information:         Composite (RENDER acceleration)
[    54.577] Information:         UploadToScreen
[    54.577] Information:         DownloadFromScreen
[    54.577] Information: NOUVEAU(G0): [XvMC] Associated with Nouveau GeForce 8/9 Textured Video.
[    54.577] Information: NOUVEAU(G0): RandR 1.2 enabled, ignore the following RandR disabled message.
[    54.584] Information: modeset(0): RandR 1.2 enabled, ignore the following RandR disabled message.
[    54.641] Information: modeset(0): [DRI2] Setup complete
[    54.641] Information: modeset(0): [DRI2]   DRI driver: i965
[    54.641] Information: modeset(0): [DRI2]   VDPAU driver: i965
[    54.644] Information: SELinux: Disabled on system
[    54.652] Information: AIGLX: enabled GLX_MESA_copy_sub_buffer
[    54.652] Information: AIGLX: enabled GLX_ARB_create_context
[    54.652] Information: AIGLX: enabled GLX_ARB_create_context_profile
[    54.652] Information: AIGLX: enabled GLX_EXT_create_context_es{,2}_profile
[    54.652] Information: AIGLX: enabled GLX_INTEL_swap_event
[    54.652] Information: AIGLX: enabled GLX_SGI_swap_control
[    54.652] Information: AIGLX: enabled GLX_EXT_framebuffer_sRGB
[    54.652] Information: AIGLX: enabled GLX_ARB_fbconfig_float
[    54.652] Information: AIGLX: enabled GLX_EXT_fbconfig_packed_float
[    54.652] Information: AIGLX: GLX_EXT_texture_from_pixmap backed by buffer objects
[    54.652] Information: AIGLX: enabled GLX_ARB_create_context_robustness
[    54.653] Information: AIGLX: Loaded and initialized i965
[    54.653] Information: GLX: Initialized DRI2 GL provider for screen 0
[    54.653] Information: NOUVEAU(G0): NVEnterVT is called.
[    54.656] Information: modeset(0): Damage tracking initialized
[    54.656] Information: modeset(0): Setting screen physical size to 508 x 285
[    54.699] Information: config/udev: Adding input device Power Button (/dev/input/event3)
[    54.699] Information: LoadModule: "libinput"
[    54.699] Information: Loading /usr/lib/xorg/modules/input/libinput_drv.so
[    54.701] Information: Module libinput: vendor="X.Org Foundation"
[    54.701] Information: Using input driver 'libinput' for 'Power Button'
[    54.702] Information: systemd-logind: got fd for /dev/input/event3 13:67 fd 22 paused 0
[    54.702] Information: event3  - Power Button: is tagged by udev as: Keyboard
[    54.702] Information: event3  - Power Button: device is a keyboard
[    54.702] Information: event3  - Power Button: device removed
[    54.702] Information: XINPUT: Adding extended input device "Power Button" (type: KEYBOARD, id 6)
[    54.719] Information: event3  - Power Button: is tagged by udev as: Keyboard
[    54.719] Information: event3  - Power Button: device is a keyboard
[    54.720] Information: config/udev: Adding input device Video Bus (/dev/input/event7)
[    54.720] Information: Using input driver 'libinput' for 'Video Bus'
[    54.720] Information: systemd-logind: got fd for /dev/input/event7 13:71 fd 25 paused 0
[    54.721] Information: event7  - Video Bus: is tagged by udev as: Keyboard
[    54.721] Information: event7  - Video Bus: device is a keyboard
[    54.721] Information: event7  - Video Bus: device removed
[    54.721] Information: XINPUT: Adding extended input device "Video Bus" (type: KEYBOARD, id 7)
[    54.722] Information: event7  - Video Bus: is tagged by udev as: Keyboard
[    54.722] Information: event7  - Video Bus: device is a keyboard
[    54.722] Information: config/udev: Adding input device Video Bus (/dev/input/event8)
[    54.722] Information: Using input driver 'libinput' for 'Video Bus'
[    54.723] Information: systemd-logind: got fd for /dev/input/event8 13:72 fd 26 paused 0
[    54.723] Information: event8  - Video Bus: is tagged by udev as: Keyboard
[    54.723] Information: event8  - Video Bus: device is a keyboard
[    54.724] Information: event8  - Video Bus: device removed
[    54.724] Information: XINPUT: Adding extended input device "Video Bus" (type: KEYBOARD, id 8)
[    54.725] Information: event8  - Video Bus: is tagged by udev as: Keyboard
[    54.725] Information: event8  - Video Bus: device is a keyboard
[    54.725] Information: config/udev: Adding input device Power Button (/dev/input/event0)
[    54.725] Information: Using input driver 'libinput' for 'Power Button'
[    54.726] Information: systemd-logind: got fd for /dev/input/event0 13:64 fd 27 paused 0
[    54.726] Information: event0  - Power Button: is tagged by udev as: Keyboard
[    54.726] Information: event0  - Power Button: device is a keyboard
[    54.726] Information: event0  - Power Button: device removed
[    54.726] Information: XINPUT: Adding extended input device "Power Button" (type: KEYBOARD, id 9)
[    54.727] Information: event0  - Power Button: is tagged by udev as: Keyboard
[    54.727] Information: event0  - Power Button: device is a keyboard
[    54.728] Information: config/udev: Adding input device Lid Switch (/dev/input/event2)
[    54.728] Information: No input driver specified, ignoring this device.
[    54.728] Information: This device may have been added with another device file.
[    54.728] Information: config/udev: Adding input device Sleep Button (/dev/input/event1)
[    54.728] Information: Using input driver 'libinput' for 'Sleep Button'
[    54.729] Information: systemd-logind: got fd for /dev/input/event1 13:65 fd 28 paused 0
[    54.730] Information: event1  - Sleep Button: is tagged by udev as: Keyboard
[    54.730] Information: event1  - Sleep Button: device is a keyboard
[    54.730] Information: event1  - Sleep Button: device removed
[    54.730] Information: XINPUT: Adding extended input device "Sleep Button" (type: KEYBOARD, id 10)
[    54.731] Information: event1  - Sleep Button: is tagged by udev as: Keyboard
[    54.731] Information: event1  - Sleep Button: device is a keyboard
[    54.731] Information: config/udev: Adding input device Logitech USB Receiver (/dev/input/event5)
[    54.731] Information: Using input driver 'libinput' for 'Logitech USB Receiver'
[    54.792] Information: systemd-logind: got fd for /dev/input/event5 13:69 fd 29 paused 0
[    54.795] Information: event5  - Logitech USB Receiver: is tagged by udev as: Mouse
[    54.795] Information: event5  - Logitech USB Receiver: device is a pointer
[    54.795] Information: event5  - Logitech USB Receiver: device removed
[    54.795] Information: XINPUT: Adding extended input device "Logitech USB Receiver" (type: MOUSE, id 11)
[    54.799] Information: event5  - Logitech USB Receiver: is tagged by udev as: Mouse
[    54.799] Information: event5  - Logitech USB Receiver: device is a pointer
[    54.803] Information: config/udev: Adding input device Logitech USB Receiver (/dev/input/mouse0)
[    54.803] Information: No input driver specified, ignoring this device.
[    54.803] Information: This device may have been added with another device file.
[    54.807] Information: config/udev: Adding input device Logitech USB Receiver (/dev/input/event6)
[    54.807] Information: Using input driver 'libinput' for 'Logitech USB Receiver'
[    54.810] Information: systemd-logind: got fd for /dev/input/event6 13:70 fd 30 paused 0
[    54.814] Information: event6  - Logitech USB Receiver: is tagged by udev as: Keyboard
[    54.814] Information: event6  - Logitech USB Receiver: device is a keyboard
[    54.814] Information: event6  - Logitech USB Receiver: device removed
[    54.814] Information: libinput: Logitech USB Receiver: needs a virtual subdevice
[    54.815] Information: XINPUT: Adding extended input device "Logitech USB Receiver" (type: MOUSE, id 12)
[    54.818] Information: event6  - Logitech USB Receiver: is tagged by udev as: Keyboard
[    54.818] Information: event6  - Logitech USB Receiver: device is a keyboard
[    54.822] Information: config/udev: Adding input device HD WebCam: HD WebCam (/dev/input/event9)
[    54.822] Information: Using input driver 'libinput' for 'HD WebCam: HD WebCam'
[    54.826] Information: systemd-logind: got fd for /dev/input/event9 13:73 fd 31 paused 0
[    54.828] Information: event9  - HD WebCam: HD WebCam: is tagged by udev as: Keyboard
[    54.828] Information: event9  - HD WebCam: HD WebCam: device is a keyboard
[    54.828] Information: event9  - HD WebCam: HD WebCam: device removed
[    54.828] Information: XINPUT: Adding extended input device "HD WebCam: HD WebCam" (type: KEYBOARD, id 13)
[    54.830] Information: event9  - HD WebCam: HD WebCam: is tagged by udev as: Keyboard
[    54.830] Information: event9  - HD WebCam: HD WebCam: device is a keyboard
[    54.831] Information: config/udev: Adding input device ELAN0501:00 04F3:3019 Touchpad (/dev/input/event10)
[    54.832] Information: Using input driver 'libinput' for 'ELAN0501:00 04F3:3019 Touchpad'
[    55.013] Information: systemd-logind: got fd for /dev/input/event10 13:74 fd 32 paused 0
[    55.017] Information: event10 - ELAN0501:00 04F3:3019 Touchpad: is tagged by udev as: Touchpad
[    55.018] Information: event10 - ELAN0501:00 04F3:3019 Touchpad: device is a touchpad
[    55.018] Information: event10 - ELAN0501:00 04F3:3019 Touchpad: device removed
[    55.018] Information: XINPUT: Adding extended input device "ELAN0501:00 04F3:3019 Touchpad" (type: TOUCHPAD, id 14)
[    55.023] Information: event10 - ELAN0501:00 04F3:3019 Touchpad: is tagged by udev as: Touchpad
[    55.024] Information: event10 - ELAN0501:00 04F3:3019 Touchpad: device is a touchpad
[    55.027] Information: config/udev: Adding input device ELAN0501:00 04F3:3019 Touchpad (/dev/input/mouse1)
[    55.027] Information: No input driver specified, ignoring this device.
[    55.027] Information: This device may have been added with another device file.
[    55.030] Information: config/udev: Adding input device HDA Intel PCH Front Headphone (/dev/input/event12)
[    55.030] Information: No input driver specified, ignoring this device.
[    55.030] Information: This device may have been added with another device file.
[    55.033] Information: config/udev: Adding input device HDA Intel PCH HDMI/DP,pcm=3 (/dev/input/event13)
[    55.033] Information: No input driver specified, ignoring this device.
[    55.033] Information: This device may have been added with another device file.
[    55.035] Information: config/udev: Adding input device HDA Intel PCH HDMI/DP,pcm=7 (/dev/input/event14)
[    55.035] Information: No input driver specified, ignoring this device.
[    55.035] Information: This device may have been added with another device file.
[    55.037] Information: config/udev: Adding input device HDA Intel PCH HDMI/DP,pcm=8 (/dev/input/event15)
[    55.038] Information: No input driver specified, ignoring this device.
[    55.038] Information: This device may have been added with another device file.
[    55.041] Information: config/udev: Adding input device HDA Intel PCH HDMI/DP,pcm=9 (/dev/input/event16)
[    55.041] Information: No input driver specified, ignoring this device.
[    55.041] Information: This device may have been added with another device file.
[    55.042] Information: config/udev: Adding input device HDA Intel PCH HDMI/DP,pcm=10 (/dev/input/event17)
[    55.042] Information: No input driver specified, ignoring this device.
[    55.042] Information: This device may have been added with another device file.
[    55.045] Information: config/udev: Adding input device AT Translated Set 2 keyboard (/dev/input/event4)
[    55.045] Information: Using input driver 'libinput' for 'AT Translated Set 2 keyboard'
[    55.048] Information: systemd-logind: got fd for /dev/input/event4 13:68 fd 33 paused 0
[    55.051] Information: event4  - AT Translated Set 2 keyboard: is tagged by udev as: Keyboard
[    55.051] Information: event4  - AT Translated Set 2 keyboard: device is a keyboard
[    55.051] Information: event4  - AT Translated Set 2 keyboard: device removed
[    55.051] Information: XINPUT: Adding extended input device "AT Translated Set 2 keyboard" (type: KEYBOARD, id 15)
[    55.056] Information: event4  - AT Translated Set 2 keyboard: is tagged by udev as: Keyboard
[    55.056] Information: event4  - AT Translated Set 2 keyboard: device is a keyboard
[    55.067] Information: config/udev: Adding input device Acer WMI hotkeys (/dev/input/event11)
[    55.067] Information: Using input driver 'libinput' for 'Acer WMI hotkeys'
[    55.069] Information: systemd-logind: got fd for /dev/input/event11 13:75 fd 34 paused 0
[    55.071] Information: event11 - Acer WMI hotkeys: is tagged by udev as: Keyboard
[    55.071] Information: event11 - Acer WMI hotkeys: device is a keyboard
[    55.071] Information: event11 - Acer WMI hotkeys: device removed
[    55.071] Information: XINPUT: Adding extended input device "Acer WMI hotkeys" (type: KEYBOARD, id 16)
[    55.072] Information: event11 - Acer WMI hotkeys: is tagged by udev as: Keyboard
[    55.073] Information: event11 - Acer WMI hotkeys: device is a keyboard
[    55.091] Information: Using input driver 'libinput' for 'Logitech USB Receiver'
[    55.091] Information: systemd-logind: returning pre-existing fd for /dev/input/event6 13:70
[    55.091] Information: libinput: Logitech USB Receiver: is a virtual subdevice
[    55.091] Information: XINPUT: Adding extended input device "Logitech USB Receiver" (type: KEYBOARD, id 17)
[    55.438] Information: modeset(0): EDID vendor "CMN", prod id 5572
[    55.438] Information: modeset(0): Printing DDC gathered Modelines:
[    55.438] Information: modeset(0): Modeline "1920x1080"x0.0  136.62  1920 1964 1992 2070  1080 1082 1086 1100 -hsync -vsync (66.0 kHz eP)
[   651.602] Information: modeset(0): EDID vendor "CMN", prod id 5572
[   651.602] Information: modeset(0): Printing DDC gathered Modelines:
[   651.602] Information: modeset(0): Modeline "1920x1080"x0.0  136.62  1920 1964 1992 2070  1080 1082 1086 1100 -hsync -vsync (66.0 kHz eP)
